2024-08-23 05:45:49,399 - INFO - url: http://120.79.4.185/new/mdlive.txt 获取成功，判断为txt格式
2024-08-23 05:45:49,418 - INFO - url: http://120.79.4.185/new/mdlive.txt 爬取成功✅，包含频道分类: 公告信息, 购买电视盒子, 央卫频道, 中国港澳, 全球频道, 中国湾湾, 央视频道, 卫视频道, 地方频道, IHOT爱ipv6, 体育频道, 4K频道, 电影频道, 歪歪轮播, 虎牙轮播, 斗鱼轮播, 堆堆轮播, MTV视频, 收音广播, 景区直播, 愉快观影, 电影轮播, 童年回忆, 少儿, 下列P3P和MITV, 央卫P3p晴天, 特区P3p晴天, 闽南P3p晴天, 新闻P3p晴天, 跑马P3p晴天, 体育P3p晴天, 电影P3p晴天, 儿童P3p晴天, 知识P3p晴天, 新坡P3p晴天, 马亚P3p晴天, 印度P3p晴天, 加大P3p晴天, 日本P3p晴天, 韩国P3p晴天, 印尼P3p晴天, 美国P3p晴天, 特区晴天P3p, 央卫晴天P3p, 闽南晴天P3p, 新闻晴天P3p, 电影晴天P3p, 新马晴天P3p, 日本晴天P3p, 韩国晴天P3p, 国际晴天P3p, 央卫P2p晴天, 特区P2p晴天, 闽南P2p晴天, 马亚P2p晴天, 新坡P2p晴天, 日本P2p晴天, 韩国P2p晴天, 泰国P2p晴天, 北美P2p晴天, 新闻P2p晴天, 音乐P2p晴天, 体育P2p晴天, 知识P2p晴天, 儿少P2p晴天, 电影P2p晴天, 戏剧P2p晴天, 测试P3p频道
2024-08-23 05:45:51,373 - INFO - url: https://tv.youdu.fan:666/live/ 获取成功，判断为txt格式
2024-08-23 05:45:51,387 - INFO - url: https://tv.youdu.fan:666/live/ 爬取成功✅，包含频道分类: 🌹防失联, 📡央视频道, 📡卫视频道, 📡地方频道, 📡V6央视频道, 📡V6卫视频道, 📡儿童频道, 📡港湾频道, 📡历届春晚, 📡直播中国, 🌏国际频道, 💞电影频道, 💃丨MTV现代, 📛丨MTV怀旧, 📡测试
2024-08-23 05:45:51,869 - ERROR - url: http://175.178.251.183:6689/livv.txt 爬取失败❌, Error: 404 Client Error: Not Found for url: http://175.178.251.183:6689/livv.txt
2024-08-23 05:45:51,952 - INFO - url: https://raw.githubusercontent.com/mlvjfchen/TV/main/iptv_list.txt 获取成功，判断为txt格式
2024-08-23 05:45:51,953 - INFO - url: https://raw.githubusercontent.com/mlvjfchen/TV/main/iptv_list.txt 爬取成功✅，包含频道分类: 央视频道, 卫视频道, 湖南频道, 更新时间
2024-08-23 05:45:52,067 - INFO - url: https://raw.githubusercontent.com/Tzwcard/ChinaTelecom-GuangdongIPTV-RTP-List/master/GuangdongIPTV_rtp_sd.m3u 获取成功，判断为m3u格式
2024-08-23 05:45:52,067 - INFO - url: https://raw.githubusercontent.com/Tzwcard/ChinaTelecom-GuangdongIPTV-RTP-List/master/GuangdongIPTV_rtp_sd.m3u 爬取成功✅，包含频道分类: IPTV-广东电视台, IPTV-广州电视台, IPTV-深圳电视台, IPTV-广东地方台, IPTV-央视, IPTV-卫视, IPTV-央视网台, IPTV-数字付费, IPTV-IPTV频道
2024-08-23 05:45:52,099 - INFO - url: https://raw.githubusercontent.com/YueChan/Live/main/IPTV.m3u 获取成功，判断为m3u格式
2024-08-23 05:45:52,100 - INFO - url: https://raw.githubusercontent.com/YueChan/Live/main/IPTV.m3u 爬取成功✅，包含频道分类: 央视, 卫视, 地方, 国际
2024-08-23 05:45:54,086 - INFO - url: https://fs-im-kefu.7moor-fs1.com/ly/4d2c3f00-7d4c-11e5-af15-41bf63ae4ea0/1715581924111/live1.txt 获取成功，判断为txt格式
2024-08-23 05:45:54,090 - INFO - url: https://fs-im-kefu.7moor-fs1.com/ly/4d2c3f00-7d4c-11e5-af15-41bf63ae4ea0/1715581924111/live1.txt 爬取成功✅，包含频道分类: 📡央视高清👉放牛娃, 📡卫视高清👉放牛娃, 📡数字频道👉放牛娃, 📡央视频道👉放牛娃, 📡广东频道👉放牛娃, 📡央视频道👉移动, 📡卫视频道👉移动, 📡央视频道👉IPV6, 📡卫视频道👉IPV6, 📡印度歌舞👉🐷🐷, 📡宁夏频道👉全网, 📡卫视频道👉全网, 📡综合频道👉IPV6, 🏆体育频道👉全网, 🎬电影频道👉全网, 🎬YYY频道👉全网, 🎬国内影院👉全网, 💞少儿影院👉全网, 🍁收音广播👉全网, 🐼MTV视频👉全网, 🌃春晚现场👉全网, 🚛景区直播👉全网
2024-08-23 05:48:07,605 - ERROR - url: http://rihou.cc:88/hccx/zb.txt 爬取失败❌, Error: HTTPConnectionPool(host='rihou.cc', port=88): Max retries exceeded with url: /hccx/zb.txt (Caused by ConnectTimeoutError(<urllib3.connection.HTTPConnection object at 0x7f503e371600>, 'Connection to rihou.cc timed out. (connect timeout=None)'))
2024-08-23 05:48:09,232 - INFO - url: https://live.goodiptv.club/api/getlive.php 获取成功，判断为txt格式
2024-08-23 05:48:09,258 - INFO - url: https://raw.githubusercontent.com/PizazzGY/TVBox_warehouse/main/live.txt 获取成功，判断为txt格式
2024-08-23 05:48:09,261 - INFO - url: https://raw.githubusercontent.com/PizazzGY/TVBox_warehouse/main/live.txt 爬取成功✅，包含频道分类: 央视频道, 卫视频道, 地方频道, 港·澳·台, 咪咕直播, 数字频道, 超高清频道, 埋堆堆, BesTV频道, iHOT频道, SiTV频道, NewTV频道
2024-08-23 05:48:09,892 - INFO - url: https://fanmingming.com/txt?url=https://raw.githubusercontent.com/hiyoi/IPTV/main/IPTV.m3u 获取成功，判断为txt格式
2024-08-23 05:48:09,985 - INFO - url: https://raw.githubusercontent.com/iptv-pro/iptv-pro.github.io/main/tv/iptv.m3u 获取成功，判断为m3u格式
2024-08-23 05:48:09,986 - INFO - url: https://raw.githubusercontent.com/iptv-pro/iptv-pro.github.io/main/tv/iptv.m3u 爬取成功✅，包含频道分类: 央视, 卫视, 卡通, 教育, 上海, 4K, 财经, CHC
2024-08-23 05:48:10,100 - INFO - url: https://raw.githubusercontent.com/iptv-pro/iptv-pro.github.io/main/list.txt 获取成功，判断为txt格式
2024-08-23 05:48:10,123 - INFO - url: https://raw.githubusercontent.com/cymz6/AutoIPTV-Hotel/main/lives.txt 获取成功，判断为txt格式
2024-08-23 05:48:10,124 - INFO - url: https://raw.githubusercontent.com/cymz6/AutoIPTV-Hotel/main/lives.txt 爬取成功✅，包含频道分类: 央视频道, 卫视频道, 其他频道
2024-08-23 05:48:10,226 - ERROR - url: https://raw.githubusercontent.com/ssili126/tv/main/itvlist.txthttp://175.178.251.183:6689/channel.txt 爬取失败❌, Error: 404 Client Error: Not Found for url: https://raw.githubusercontent.com/ssili126/tv/main/itvlist.txthttp:/175.178.251.183:6689/channel.txt
2024-08-23 05:48:10,386 - INFO - url: https://live.fanmingming.com/tv/m3u/ipv6.m3u 获取成功，判断为m3u格式
2024-08-23 05:48:10,387 - INFO - url: https://live.fanmingming.com/tv/m3u/ipv6.m3u 爬取成功✅，包含频道分类: 央视频道, 卫视频道, 数字频道, 浙江频道, 内蒙频道
2024-08-23 05:48:10,417 - INFO - url: https://raw.githubusercontent.com/yuanzl77/IPTV/main/直播/央视频道.txt 获取成功，判断为txt格式
2024-08-23 05:48:10,417 - INFO - url: https://raw.githubusercontent.com/yuanzl77/IPTV/main/直播/央视频道.txt 爬取成功✅，包含频道分类: 央视频道
2024-08-23 05:48:12,557 - INFO - url: http://120.79.4.185/new/mdlive.txt 获取成功，判断为txt格式
2024-08-23 05:48:12,575 - INFO - url: http://120.79.4.185/new/mdlive.txt 爬取成功✅，包含频道分类: 公告信息, 购买电视盒子, 央卫频道, 中国港澳, 全球频道, 中国湾湾, 央视频道, 卫视频道, 地方频道, IHOT爱ipv6, 体育频道, 4K频道, 电影频道, 歪歪轮播, 虎牙轮播, 斗鱼轮播, 堆堆轮播, MTV视频, 收音广播, 景区直播, 愉快观影, 电影轮播, 童年回忆, 少儿, 下列P3P和MITV, 央卫P3p晴天, 特区P3p晴天, 闽南P3p晴天, 新闻P3p晴天, 跑马P3p晴天, 体育P3p晴天, 电影P3p晴天, 儿童P3p晴天, 知识P3p晴天, 新坡P3p晴天, 马亚P3p晴天, 印度P3p晴天, 加大P3p晴天, 日本P3p晴天, 韩国P3p晴天, 印尼P3p晴天, 美国P3p晴天, 特区晴天P3p, 央卫晴天P3p, 闽南晴天P3p, 新闻晴天P3p, 电影晴天P3p, 新马晴天P3p, 日本晴天P3p, 韩国晴天P3p, 国际晴天P3p, 央卫P2p晴天, 特区P2p晴天, 闽南P2p晴天, 马亚P2p晴天, 新坡P2p晴天, 日本P2p晴天, 韩国P2p晴天, 泰国P2p晴天, 北美P2p晴天, 新闻P2p晴天, 音乐P2p晴天, 体育P2p晴天, 知识P2p晴天, 儿少P2p晴天, 电影P2p晴天, 戏剧P2p晴天, 测试P3p频道
2024-08-23 05:48:12,610 - INFO - url: https://raw.githubusercontent.com/Fairy8o/IPTV/main/PDX-V4.txt 获取成功，判断为txt格式
2024-08-23 05:48:12,623 - INFO - url: https://raw.githubusercontent.com/Fairy8o/IPTV/main/PDX-V4.txt 爬取成功✅，包含频道分类: 👉扫码添加此微信👈, 👉以获取最新链接👈, 👉唯一微信号:Cxx114x👈, 👉定期更换新链接👈, 👉不加此微信无售后👈, 🦁欧洲五大联赛🦁, 🐉独家线路🐯, 港台频道, 卫视频道, 🐉电信专线「多线路」, 🐉联通专线「多线路」, 🐉移动专线「多线路」, 🐉央视付费频道, 🐉特色频道, 🐉4K-8K频道, 🐉国内体育, 🐉海外体育, 🐉咪咕视频-①🏆, 🐉咪咕视频-②🏆, 🐉香港频道「线路1」, 🐉香港频道「线路2」, 🐉湾湾频道「线路1」, 🐉湾湾频道「线路2」, 🐉湾湾频道「线路3」, 🐉日本频道🦮, 🐉韩国频道🦆, 🐉美国频道🦅, 🐉英国频道🦁, 🐉电影频道🎥, 🐉游戏赛事🐸, 🐉埋堆堆🙉, 🐉斗鱼轮播🦈, 🐉虎牙轮播🐯, 🐉YY轮播🦞, 🐉经典电影🎞, 🐉经典电视剧📺, 🐉少儿频道👶🏻, 🐉北京频道, 🐉上海频道, 🐉广东频道, 🐉湖南频道, 🐉各地方频道, 🐉HBO&iHOT频道, 🐉SITV频道, 🐉NewTV频道, 🐉全国景区直播, 🐉纪录片频道, 🐉广播剧场🎙
2024-08-23 05:48:12,663 - INFO - url: https://raw.githubusercontent.com/Fairy8o/IPTV/main/PDX-V6.txt 获取成功，判断为txt格式
2024-08-23 05:48:12,677 - INFO - url: https://raw.githubusercontent.com/Fairy8o/IPTV/main/PDX-V6.txt 爬取成功✅，包含频道分类: 👉扫码添加此微信👈, 👉以获取最新链接👈, 👉唯一微信号:Cxx114x👈, 👉定期更换新链接👈, 👉不加此微信无售后👈, 🦁欧洲五大联赛🦁, 🐉央视频道🐉, 🐉卫视频道🐉, 🐉央视付费频道, 🐉求索&iHOT频道, 🐉4K-8K频道, 🐉数字高清, 🐉国内体育, 🐉海外体育, 🐉咪咕视频-①🏆, 🐉咪咕视频-②🥇, 🐉香港频道「线路1」, 🐉香港频道「线路2」, 🐉湾湾频道「线路1」, 🐉湾湾频道「线路2」, 🐉湾湾频道「线路3」, 🐉日本频道🦮, 🐉韩国频道🦆, 🐉美国频道🦅, 🐉英国频道🦁, 🐉电影频道🎥, 🐉游戏赛事🐸, 🐉埋堆堆🙉, 🐉斗鱼轮播🦈, 🐉虎牙轮播🐯, 🐉YY轮播🦞, 🐉经典电影🎞, 🐉经典电视剧📺, 🐉少儿频道👶🏻, 🐉北京频道, 🐉上海频道, 🐉广东频道, 🐉湖南频道, 🐉各地方频道, 🐉iHOT频道, 🐉SITV频道, 🐉NewTV频道, 🐉全国景区直播, 🐉纪录片频道, 🐉广播剧场🎙
2024-08-23 05:48:12,994 - INFO - url: https://live.zhoujie218.top/tv/iptv6.txt 获取成功，判断为txt格式
2024-08-23 05:48:12,995 - INFO - url: https://live.zhoujie218.top/tv/iptv6.txt 爬取成功✅，包含频道分类: 央视频道, 卫视频道, 数字频道, 地方频道, 更新时间
2024-08-23 05:48:14,868 - INFO - url: https://tv.youdu.fan:666/live/ 获取成功，判断为txt格式
2024-08-23 05:48:14,883 - INFO - url: https://tv.youdu.fan:666/live/ 爬取成功✅，包含频道分类: 🌹防失联, 📡央视频道, 📡卫视频道, 📡地方频道, 📡V6央视频道, 📡V6卫视频道, 📡儿童频道, 📡港湾频道, 📡历届春晚, 📡直播中国, 🌏国际频道, 💞电影频道, 💃丨MTV现代, 📛丨MTV怀旧, 📡测试
2024-08-23 05:48:16,014 - INFO - url: http://ww.weidonglong.com/dsj.txt 获取成功，判断为txt格式
2024-08-23 05:48:16,017 - INFO - url: http://ww.weidonglong.com/dsj.txt 爬取成功✅，包含频道分类: 👉关于应用, 央视频道, 央视-IPv6, 卫视-IPv6, 卫视-综合, 央视综合, 卫视综合, 体育综合, 咪咕体育, 广东综合, 浙江综合, 江苏综合, 黑龙江综合, 安徽综合, 广西综合, 江西综合, 湖南综合, 湖北综合, 河南综合, 河北综合, 山东综合, 宁夏综合, 山西综合, 四川综合, 云南综合, 内蒙综合, 青海综合, 甘肃综合, 福建综合, 海南综合, 西藏综合, 新疆综合, 上海综合, 吉林综合, 凤凰香港, 电影频道, 急救技能, 👉获取更新
2024-08-23 05:48:16,446 - INFO - url: http://xhztv.top/zbc.txt 获取成功，判断为txt格式
2024-08-23 05:48:16,449 - INFO - url: http://xhztv.top/zbc.txt 爬取成功✅，包含频道分类: ﻿新闻频道, 央视, 央视IPv6, 卫视IPv6, 港湾频道, 广东地区, 直播中国, 体育频道, 少儿频道, 电影频道, 影视综合, MTV频道, 历届春晚, ♥聚玩盒子
2024-08-23 05:48:16,478 - INFO - url: https://raw.githubusercontent.com/mlvjfchen/TV/main/iptv_list.txt 获取成功，判断为txt格式
2024-08-23 05:48:16,478 - INFO - url: https://raw.githubusercontent.com/mlvjfchen/TV/main/iptv_list.txt 爬取成功✅，包含频道分类: 央视频道, 卫视频道, 湖南频道, 更新时间
2024-08-23 05:48:16,525 - INFO - url: https://raw.githubusercontent.com/qingwen07/awesome-iptv/main/tvbox_live_all.txt 获取成功，判断为txt格式
2024-08-23 05:48:16,545 - INFO - url: https://raw.githubusercontent.com/qingwen07/awesome-iptv/main/tvbox_live_all.txt 爬取成功✅，包含频道分类: 央视, 新闻, 卫视台, 地方台, 港澳台, 埋堆堆, 影视, 体育, 音乐, 小品, 咪咕, 斗鱼, 少儿, 国外, IPV6, 
2024-08-23 05:48:19,391 - ERROR - url: https://v.nxog.top/m/tv/1/ 爬取失败❌, Error: 404 Client Error: Not Found for url: https://v.nxog.top/m/tv/1/
2024-08-23 05:48:19,415 - INFO - url: https://raw.githubusercontent.com/Guovin/TV/gd/result.txt 获取成功，判断为txt格式
2024-08-23 05:48:19,416 - INFO - url: https://raw.githubusercontent.com/Guovin/TV/gd/result.txt 爬取成功✅，包含频道分类: 广东频道, 央视频道, 卫视频道, 港·澳·台
2024-08-23 05:48:20,697 - INFO - url: http://home.jundie.top:81/Cat/tv/live.txt 获取成功，判断为txt格式
2024-08-23 05:48:20,700 - INFO - url: http://home.jundie.top:81/Cat/tv/live.txt 爬取成功✅，包含频道分类: 央视, 卫视, 港•澳•台, 埋堆堆
2024-08-23 05:48:20,723 - INFO - url: https://raw.githubusercontent.com/vbskycn/iptv/master/tv/hd.txt 获取成功，判断为txt格式
2024-08-23 05:48:20,726 - INFO - url: https://raw.githubusercontent.com/vbskycn/iptv/master/tv/hd.txt 爬取成功✅，包含频道分类: ﻿央视频道jxH, 江西本地jxH, 卫视频道jxH, 体育频道jxH, 儿童频道jxH, 特色频道jxH, 央视ysp, 卫视ysp, 黄金赛事ysp, 央视频道ip6, 卫视频道ip6, 数字频道ip6, 地方频道ip6, 更新时间ip6, 央视频道ip4, 卫视频道ip4, 数字频道ip4, 地方频道ip4, 港·澳·台ip4, 更新时间ip4, 央视-itv, 卫视-itv, 地方-itv, 其他-itv, NewTV-itv, SiTV-itv, iHOT-itv, 體育sport, 戲劇電影sport, 探索自然sport, 少兒sport, 綜合sport, 新聞資訊sport, 綜合4gtv, 新聞財經4gtv, 電影戲劇4gtv, 生活旅遊4gtv, 音樂綜藝4gtv, 少兒4gtv, 其他4gtv, 體育4gtv
2024-08-23 05:48:20,774 - INFO - url: https://cdn.jsdelivr.net/gh/YueChan/live@main/IPTV.m3u 获取成功，判断为m3u格式
2024-08-23 05:48:20,775 - INFO - url: https://cdn.jsdelivr.net/gh/YueChan/live@main/IPTV.m3u 爬取成功✅，包含频道分类: 央视, 卫视, 地方, 国际
2024-08-23 05:48:20,797 - INFO - url: https://raw.githubusercontent.com/cymz6/AutoIPTV-Hotel/main/lives.txt 获取成功，判断为txt格式
2024-08-23 05:48:20,798 - INFO - url: https://raw.githubusercontent.com/cymz6/AutoIPTV-Hotel/main/lives.txt 爬取成功✅，包含频道分类: 央视频道, 卫视频道, 其他频道
2024-08-23 05:48:20,826 - INFO - url: https://raw.githubusercontent.com/PizazzGY/TVBox_warehouse/main/live.txt 获取成功，判断为txt格式
2024-08-23 05:48:20,834 - INFO - url: https://raw.githubusercontent.com/PizazzGY/TVBox_warehouse/main/live.txt 爬取成功✅，包含频道分类: 央视频道, 卫视频道, 地方频道, 港·澳·台, 咪咕直播, 数字频道, 超高清频道, 埋堆堆, BesTV频道, iHOT频道, SiTV频道, NewTV频道
2024-08-23 05:48:21,685 - INFO - url: https://fm1077.serv00.net/SmartTV.m3u 获取成功，判断为m3u格式
2024-08-23 05:48:21,686 - INFO - url: https://fm1077.serv00.net/SmartTV.m3u 爬取成功✅，包含频道分类: 臺灣 Taiwan, 馬來西亞 Malaysia, 新加坡 Singapore, 印尼 Indonesia, 香港 Hongkong, 中國 China, 體育 Sports, 印度 Indian, 電影 Movie, 紀錄 Documentary, 新聞 News, 兒童 Kids, 泰國 Thailand, 英國 United Kingdom, 越南 Vietnam, 韓國 Korea, 日本 Japan
2024-08-23 05:48:21,709 - INFO - url: https://raw.githubusercontent.com/ssili126/tv/main/itvlist.txt 获取成功，判断为txt格式
2024-08-23 05:48:21,711 - INFO - url: https://raw.githubusercontent.com/ssili126/tv/main/itvlist.txt 爬取成功✅，包含频道分类: 央视频道, 卫视频道, 其他频道
2024-08-23 05:48:21,757 - INFO - url: https://raw.githubusercontent.com/kimwang1978/collect-tv-txt/main/merged_output.txt 获取成功，判断为txt格式
2024-08-23 05:48:21,807 - INFO - url: https://raw.githubusercontent.com/kimwang1978/collect-tv-txt/main/merged_output.txt 爬取成功✅，包含频道分类: 更新时间, 🧧专享, 🧧优质, 🌐央视频道, 📡卫视频道, 上海频道, 体育频道, 电影频道, 电视剧频道, 明星, 主题片, 港澳台, 国际台, 纪录片, 动画片, 戏曲频道, 综艺频道, 音乐频道, 游戏频道, ☘️浙江频道, ☘️江苏频道, ☘️湖南频道, ☘️湖北频道, ☘️安徽频道, ☘️广东频道, ☘️海南频道, ☘️内蒙频道, ☘️辽宁频道, ☘️陕西频道, ☘️山西频道, ☘️山东频道, ☘️云南频道, ☘️北京频道, ☘️重庆频道, ☘️福建频道, ☘️甘肃频道, ☘️广西频道, ☘️贵州频道, ☘️河北频道, ☘️河南频道, ☘️黑龙江频道, ☘️吉林频道, ☘️江西频道, ☘️宁夏频道, ☘️青海频道, ☘️四川频道, ☘️天津频道, ☘️新疆频道, 解说频道, 春晚, 直播中国, MTV, 收音机频道, ❤️以家人之名
